T6D2C 4654:107.648   SEGGER J-Link V8.78 Log File
T6D2C 4654:107.648   DLL Compiled: Oct 16 2025 08:27:36
T6D2C 4654:107.648   Logging started @ 2026-04-02 08:27
T6D2C 4654:108.160   Process: C:\Program Files (x86)\Atmel\Studio\7.0\atbackend\atbackend.exe
T6D2C 4654:108.160 - 72.366ms 
T6D2C 4654:108.160 JLINK_ExecCommand("device = ATSAME51J18A", ...). 
T6D2C 4654:109.696   Device "ATSAME51J18A" selected.
T6D2C 4654:113.792 - 5.254ms returns 0x00
T6D2C 4654:113.792 JLINK_GetHWStatus(...)
T6D2C 4654:113.792 - 0.188ms returns 0
T6D2C 4654:113.792 JLINK_ClrRESET()
T6D2C 4654:115.840 - 2.221ms 
T6D2C 4654:122.496 JLINK_SetRESET()
T6D2C 4654:122.496 - 0.186ms 
T6D2C 4654:128.128 JLINK_ClrRESET()
T6D2C 4654:128.640 - 0.306ms 
T6D2C 4654:133.760 JLINK_ClrTCK()
T6D2C 4654:133.760 - 0.126ms returns 0
T6D2C 4654:138.880 JLINK_SetRESET()
T6D2C 4654:139.392 - 0.403ms 
T6D2C 4654:144.512 JLINK_Clock()
T6D2C 4654:145.024 - 0.546ms returns 1
T6D2C 4654:152.192 JLINK_TIF_Select(JLINKARM_TIF_SWD)
T6D2C 4654:152.704 - 0.979ms returns 0x00
T6D2C 4654:152.704 JLINK_SetSpeed(50)
T6D2C 4654:153.216 - 0.158ms 
T6D2C 4654:153.216 JLINK_CORESIGHT_Configure()
T6D2C 4654:162.944 - 9.752ms returns 0
T6D2C 4654:162.944 JLINK_CORESIGHT_WriteAPDPReg(DP reg 0x02, 0x00000000)
T6D2C 4654:164.480 - 1.432ms returns 0
T6D2C 4654:164.480 JLINK_CORESIGHT_WriteAPDPReg(AP reg 0x00, 0x23000040)
T6D2C 4654:166.016 - 1.282ms returns 0
T6D2C 4654:166.016 JLINK_CORESIGHT_WriteAPDPReg(AP reg 0x01, 0x41002101)
T6D2C 4654:167.040 - 1.207ms returns 0
T6D2C 4654:167.040 JLINK_CORESIGHT_ReadAPDPReg(AP reg 0x03)
T6D2C 4654:169.600   Value=0x00000200
T6D2C 4654:169.600 - 2.544ms returns 0
T6D2C 4654:169.600 JLINK_CORESIGHT_WriteAPDPReg(AP reg 0x01, 0x41002100)
T6D2C 4654:171.136 - 1.334ms returns 0
T6D2C 4654:171.136 JLINK_CORESIGHT_WriteAPDPReg(AP reg 0x03, 0x00000010)
T6D2C 4654:172.160 - 1.296ms returns 0
T6D2C 4654:172.160 JLINK_CORESIGHT_WriteAPDPReg(AP reg 0x01, 0x41002101)
T6D2C 4654:173.696 - 1.332ms returns 0
T6D2C 4654:173.696 JLINK_CORESIGHT_ReadAPDPReg(AP reg 0x03)
T6D2C 4654:176.256   Value=0x00000210
T6D2C 4654:176.256 - 2.430ms returns 0
T6D2C 4654:377.984 JLINK_CORESIGHT_ReadAPDPReg(AP reg 0x03)
T6D2C 4654:380.032   Value=0x00000210
T6D2C 4654:380.032 - 2.333ms returns 0
T6D2C 4654:581.248 JLINK_CORESIGHT_ReadAPDPReg(AP reg 0x03)
T6D2C 4654:583.808   Value=0x00000210
T6D2C 4654:583.808 - 2.444ms returns 0
T6D2C 4654:784.000 JLINK_CORESIGHT_ReadAPDPReg(AP reg 0x03)
T6D2C 4654:786.048   Value=0x00000210
T6D2C 4654:786.048 - 2.297ms returns 0
T6D2C 4654:986.240 JLINK_CORESIGHT_ReadAPDPReg(AP reg 0x03)
T6D2C 4654:988.288   Value=0x00000210
T6D2C 4654:988.288 - 2.359ms returns 0
T6D2C 4655:188.480 JLINK_CORESIGHT_ReadAPDPReg(AP reg 0x03)
T6D2C 4655:191.040   Value=0x00000210
T6D2C 4655:191.040 - 2.350ms returns 0
T6D2C 4655:395.840 JLINK_CORESIGHT_ReadAPDPReg(AP reg 0x03)
T6D2C 4655:397.888   Value=0x00000210
T6D2C 4655:397.888 - 2.332ms returns 0
T6D2C 4655:601.664 JLINK_CORESIGHT_ReadAPDPReg(AP reg 0x03)
T6D2C 4655:604.736   Value=0x00000310
T6D2C 4655:604.736 - 2.906ms returns 0
T6D2C 4655:614.976 JLINK_ExecCommand("Device = ATSAME51J18A", ...). 
T6D2C 4655:616.512   Device "ATSAME51J18A" selected.
T6D2C 4655:621.120 - 6.044ms returns 0x00
T6D2C 4655:621.120 JLINK_TIF_Select(JLINKARM_TIF_SWD)
T6D2C 4655:621.120 - 0.009ms returns 0x00
T6D2C 4655:621.120 JLINK_SetSpeed(4000)
T6D2C 4655:621.120 - 0.174ms 
T6D2C 4655:621.120 JLINK_ResetPullsRESET(OFF)
T6D2C 4655:621.120 - 0.009ms 
T6D2C 4655:621.120 JLINK_Connect()
T6D2C 4655:621.632   InitTarget() start
T6D2C 4655:621.632    J-Link Script File: Executing InitTarget()
T6D2C 4655:621.632   SWD selected. Executing JTAG -> SWD switching sequence.
T6D2C 4655:624.192   DAP initialized successfully.
T6D2C 4655:627.264   InitTarget() end - Took 5.48ms
T6D2C 4655:627.776   Found SW-DP with ID 0x2BA01477
T6D2C 4655:630.336   DPIDR: 0x2BA01477
T6D2C 4655:630.336   CoreSight SoC-400 or earlier
T6D2C 4655:630.336   Scanning AP map to find all available APs
T6D2C 4655:631.360   AP[2]: Stopped AP scan as end of AP map seems to be reached
T6D2C 4655:631.360   AP[0]: AHB-AP (IDR: 0x24770011, ADDR: 0x00000000)
T6D2C 4655:631.360   AP[1]: AHB-AP (IDR: 0x74770001, ADDR: 0x01000000)
T6D2C 4655:631.360   Iterating through AP map to find AHB-AP to use
T6D2C 4655:632.896   AP[0]: Core found
T6D2C 4655:632.896   AP[0]: AHB-AP ROM base: 0x41003000
T6D2C 4655:633.408   CPUID register: 0x410FC241. Implementer code: 0x41 (ARM)
T6D2C 4655:633.408   Found Cortex-M4 r0p1, Little endian.
T6D2C 4655:633.408   -- Max. mem block: 0x00002B48
T6D2C 4655:633.920   CPU_ReadMem(4 bytes @ 0xE000EDF0)
T6D2C 4655:634.432   CPU_ReadMem(4 bytes @ 0xE0002000)
T6D2C 4655:634.944   FPUnit: 6 code (BP) slots and 2 literal slots
T6D2C 4655:634.944   CPU_ReadMem(4 bytes @ 0xE000EDFC)
T6D2C 4655:635.456   CPU_ReadMem(4 bytes @ 0xE0001000)
T6D2C 4655:635.456   CPU_WriteMem(4 bytes @ 0xE0001000)
T6D2C 4655:635.968   CPU_ReadMem(4 bytes @ 0xE000ED88)
T6D2C 4655:636.480   CPU_WriteMem(4 bytes @ 0xE000ED88)
T6D2C 4655:636.992   CPU_ReadMem(4 bytes @ 0xE000ED88)
T6D2C 4655:636.992   CPU_WriteMem(4 bytes @ 0xE000ED88)
T6D2C 4655:637.504   CoreSight components:
T6D2C 4655:637.504   ROMTbl[0] @ 41003000
T6D2C 4655:637.504   CPU_ReadMem(64 bytes @ 0x41003000)
T6D2C 4655:638.016   CPU_ReadMem(32 bytes @ 0xE00FFFE0)
T6D2C 4655:639.040   [0][0]: E00FF000 CID B105100D PID 000BB4C4 ROM Table
T6D2C 4655:639.040   ROMTbl[1] @ E00FF000
T6D2C 4655:639.040   CPU_ReadMem(64 bytes @ 0xE00FF000)
T6D2C 4655:639.552   CPU_ReadMem(32 bytes @ 0xE000EFE0)
T6D2C 4655:640.064   [1][0]: E000E000 CID B105E00D PID 000BB00C SCS-M7
T6D2C 4655:640.064   CPU_ReadMem(32 bytes @ 0xE0001FE0)
T6D2C 4655:640.576   [1][1]: E0001000 CID B105E00D PID 003BB002 DWT
T6D2C 4655:640.576   CPU_ReadMem(32 bytes @ 0xE0002FE0)
T6D2C 4655:641.600   [1][2]: E0002000 CID B105E00D PID 002BB003 FPB
T6D2C 4655:641.600   CPU_ReadMem(32 bytes @ 0xE0000FE0)
T6D2C 4655:641.600   [1][3]: E0000000 CID B105E00D PID 003BB001 ITM
T6D2C 4655:641.600   CPU_ReadMem(32 bytes @ 0xE0040FE0)
T6D2C 4655:642.112   [1][4]: E0040000 CID B105900D PID 000BB9A1 TPIU
T6D2C 4655:642.112   CPU_ReadMem(32 bytes @ 0xE0041FE0)
T6D2C 4655:643.136   [1][5]: E0041000 CID B105900D PID 000BB925 ETM
T6D2C 4655:643.136   CPU_ReadMem(32 bytes @ 0xE0042FE0)
T6D2C 4655:643.648   [1][6]: E0042000 CID B105900D PID 003BB907 ETB
T6D2C 4655:643.648 - 22.293ms returns 0x00
T6D2C 4655:643.648 JLINK_ExecCommand("ExcludeFlashCacheRange 0x0 - 0x40000", ...). 
T6D2C 4655:643.648 - 0.001ms returns 0x00
T6D2C 4655:643.648 JLINK_Halt()
T6D2C 4655:646.720 - 2.973ms returns 0x00
T6D2C 4655:647.744 JLINK_JTAG_GetDeviceID(DeviceIndex = 0)
T6D2C 4655:647.744 - 0.028ms returns 0
T6D2C 4655:647.744 JLINK_ReadMemU32(0x41002018, 0x1 Items)
T6D2C 4655:647.744   CPU_ReadMem(4 bytes @ 0x41002018)
T6D2C 4655:648.256   Data:  03 05 81 61
T6D2C 4655:648.256 - 0.365ms returns 1 (0x1)
T445C 4655:657.472 JLINK_IsHalted()
T445C 4655:657.984 - 0.531ms returns TRUE
T445C 4655:657.984 JLINK_GetMOEs(...)
T445C 4655:657.984   CPU_ReadMem(4 bytes @ 0xE000ED30)
T445C 4655:658.496 - 0.584ms returns 0x01
T445C 4655:658.496 JLINK_ReadReg(R15 (PC))
T445C 4655:658.496 - 0.012ms returns 0xFFFFFFFE
T6D2C 4655:692.800 JLINK_BeginDownload(Flags = 0x00000000)
T6D2C 4655:692.800 - 0.039ms 
T6D2C 4655:692.800 JLINK_WriteMem(0x00000000, 0x11614 Bytes, ...)
T6D2C 4655:692.800   Data:  D8 08 01 20 8D 33 00 00 59 33 00 00 65 33 00 00 ...
T6D2C 4655:693.312   completely In flash
T6D2C 4655:693.312 - 0.322ms returns 0x11614
T6D2C 4655:693.312 JLINK_WriteMem(0x00011614, 0x8 Bytes, ...)
T6D2C 4655:693.312   Data:  34 DF FF 7F 01 00 00 00
T6D2C 4655:693.312   completely In flash
T6D2C 4655:693.312 - 0.054ms returns 0x8
T6D2C 4655:693.824 JLINK_WriteMem(0x0001161C, 0x964 Bytes, ...)
T6D2C 4655:693.824   Data:  01 FF 02 00 00 00 00 00 00 00 00 00 00 00 00 00 ...
T6D2C 4655:693.824   completely In flash
T6D2C 4655:693.824 - 0.039ms returns 0x964
T6D2C 4655:693.824 JLINK_WriteMem(0x0001FF00, 0x100 Bytes, ...)
T6D2C 4655:693.824   Data:  01 02 0F 00 AA BB CC DD 00 00 00 00 00 40 00 00 ...
T6D2C 4655:693.824   completely In flash
T6D2C 4655:693.824 - 0.088ms returns 0x100
T6D2C 4655:711.232 JLINK_EndDownload()
T6D2C 4655:711.744   CPU_ReadMem(4 bytes @ 0xE000ED90)
T6D2C 4655:711.744   CPU_ReadMem(4 bytes @ 0xE000ED94)
T6D2C 4655:712.256    -- --------------------------------------
T6D2C 4655:712.256    -- Flash bank @ 0x00000000: Default: L2 verify disabled because algorithm performs L1 verify
T6D2C 4655:712.256    -- Start of determining dirty areas in flash cache
T6D2C 4655:712.768    -- Filling invalid ranges in sector buffer (flash cache) for sector @ 0x00000000 if necessary
T6D2C 4655:712.768    -- Start of preparing flash programming
T6D2C 4655:712.768    -- Calculating RAM usage
T6D2C 4655:712.768    -- RAM usage = 10388 Bytes
T6D2C 4655:712.768    -- Preserving CPU registers
T6D2C 4655:712.768    -- Preparing target
T6D2C 4655:712.768    -- Preserving target RAM temporarily used for programming
T6D2C 4655:768.576    -- Downloading RAMCode
T6D2C 4655:789.056    -- Preparing RAMCode
T6D2C 4655:795.200    -- End of preparing flash programming
T6D2C 4655:795.200   CPU_ReadMem(8192 bytes @ 0x00000000)
T6D2C 4655:838.720    -- Updating flash cache (8192 bytes @ 0x00000000)
T6D2C 4655:838.720    -- Updating flash cache invalid range 0x00000000 - 0x00001FFF (8192 bytes)
T6D2C 4655:838.720    -- Filling invalid ranges in sector buffer (flash cache) for sector @ 0x00002000 if necessary
T6D2C 4655:838.720   CPU_ReadMem(8192 bytes @ 0x00002000)
T6D2C 4655:883.264    -- Updating flash cache (8192 bytes @ 0x00002000)
T6D2C 4655:883.776    -- Updating flash cache invalid range 0x00002000 - 0x00003FFF (8192 bytes)
T6D2C 4655:883.776    -- Filling invalid ranges in sector buffer (flash cache) for sector @ 0x00004000 if necessary
T6D2C 4655:883.776   CPU_ReadMem(8192 bytes @ 0x00004000)
T6D2C 4655:927.296    -- Updating flash cache (8192 bytes @ 0x00004000)
T6D2C 4655:927.296    -- Updating flash cache invalid range 0x00004000 - 0x00005FFF (8192 bytes)
T6D2C 4655:927.296    -- Filling invalid ranges in sector buffer (flash cache) for sector @ 0x00006000 if necessary
T6D2C 4655:927.296   CPU_ReadMem(8192 bytes @ 0x00006000)
T6D2C 4655:971.328    -- Updating flash cache (8192 bytes @ 0x00006000)
T6D2C 4655:971.328    -- Updating flash cache invalid range 0x00006000 - 0x00007FFF (8192 bytes)
T6D2C 4655:971.328    -- Filling invalid ranges in sector buffer (flash cache) for sector @ 0x00008000 if necessary
T6D2C 4655:971.328   CPU_ReadMem(8192 bytes @ 0x00008000)
T6D2C 4656:014.848    -- Updating flash cache (8192 bytes @ 0x00008000)
T6D2C 4656:015.360    -- Updating flash cache invalid range 0x00008000 - 0x00009FFF (8192 bytes)
T6D2C 4656:015.360    -- Filling invalid ranges in sector buffer (flash cache) for sector @ 0x0000A000 if necessary
T6D2C 4656:015.360   CPU_ReadMem(8192 bytes @ 0x0000A000)
T6D2C 4656:059.392    -- Updating flash cache (8192 bytes @ 0x0000A000)
T6D2C 4656:059.392    -- Updating flash cache invalid range 0x0000A000 - 0x0000BFFF (8192 bytes)
T6D2C 4656:059.392    -- Filling invalid ranges in sector buffer (flash cache) for sector @ 0x0000C000 if necessary
T6D2C 4656:059.392   CPU_ReadMem(8192 bytes @ 0x0000C000)
T6D2C 4656:102.912    -- Updating flash cache (8192 bytes @ 0x0000C000)
T6D2C 4656:102.912    -- Updating flash cache invalid range 0x0000C000 - 0x0000DFFF (8192 bytes)
T6D2C 4656:102.912    -- Filling invalid ranges in sector buffer (flash cache) for sector @ 0x0000E000 if necessary
T6D2C 4656:102.912   CPU_ReadMem(8192 bytes @ 0x0000E000)
T6D2C 4656:146.944    -- Updating flash cache (8192 bytes @ 0x0000E000)
T6D2C 4656:147.456    -- Updating flash cache invalid range 0x0000E000 - 0x0000FFFF (8192 bytes)
T6D2C 4656:147.456    -- Filling invalid ranges in sector buffer (flash cache) for sector @ 0x00010000 if necessary
T6D2C 4656:147.456   CPU_ReadMem(8192 bytes @ 0x00010000)
T6D2C 4656:190.976    -- Updating flash cache (8192 bytes @ 0x00010000)
T6D2C 4656:190.976    -- Updating flash cache invalid range 0x00010000 - 0x00011FFF (8192 bytes)
T6D2C 4656:191.488    -- Filling invalid ranges in sector buffer (flash cache) for sector @ 0x0001E000 if necessary
T6D2C 4656:191.488   CPU_ReadMem(8192 bytes @ 0x0001E000)
T6D2C 4656:235.008    -- Updating flash cache (8192 bytes @ 0x0001E000)
T6D2C 4656:235.520    -- Updating flash cache invalid range 0x0001E000 - 0x0001FFFF (8192 bytes)
T6D2C 4656:235.520    -- End of determining dirty areas
T6D2C 4656:237.568    -- CPU speed could not be measured.
T6D2C 4656:237.568    -- Start of comparing flash
T6D2C 4656:237.568    -- CRC check was estimated as fastest method
T6D2C 4656:256.000    -- Comparing range 0x0000 - 0x11FFF (9 Sectors, 72 KB), using multi-block CRC calculation
T6D2C 4656:264.192    -- CRC does not match for sectors 0-8
T6D2C 4656:264.192    -- Comparing range 0x1E000 - 0x1FFFF (1 Sector, 8 KB), using multi-block CRC calculation
T6D2C 4656:268.288    -- CRC does not match for sector 0
T6D2C 4656:268.288    -- End of comparing flash
T6D2C 4656:268.288    -- Start of erasing sectors
T6D2C 4656:268.288    -- End of erasing sectors
T6D2C 4656:268.288    -- Start of flash programming
T6D2C 4656:268.288    -- Programming range 0x00000000 - 0x00007FFF (  4 Sectors, 32 KB)
T6D2C 4656:435.200    -- Programming range 0x00008000 - 0x0000FFFF (  4 Sectors, 32 KB)
T6D2C 4656:626.688    -- Programming range 0x00010000 - 0x00011FFF (  1 Sector, 8 KB)
T6D2C 4656:673.792    -- Programming range 0x0001E000 - 0x0001FFFF (  1 Sector, 8 KB)
T6D2C 4656:698.368    -- End of flash programming
T6D2C 4656:698.368    -- 0x0000 - 0x11FFF (  9 Sectors, 72 KB)
T6D2C 4656:698.368    -- 0x1E000 - 0x1FFFF (  1 Sector, 8 KB)
T6D2C 4656:698.368    -- Start of restoring
T6D2C 4656:698.368    -- Restoring RAMCode
T6D2C 4656:726.528    -- Restoring target memory
T6D2C 4656:778.240    -- Restore target
T6D2C 4656:778.240    -- Restoring CPU registers
T6D2C 4656:778.240    -- End of restoring
T6D2C 4656:778.240    -- Bank 0 @ 0x00000000: 2 ranges affected (81920 bytes)
T6D2C 4656:778.240    -- Total: 1.066s (Prepare: 0.525s, Compare: 0.030s, Erase: 0.000s, Program & Verify: 0.454s, Restore: 0.056s)
T6D2C 4656:778.240    -- Program & Verify speed: 176 KB/s
T6D2C 4656:787.968 - 1076.330ms returns 81920 (0x14000)
T6D2C 4656:788.480 JLINK_SetResetType(JLINKARM_CM3_RESET_TYPE_NORMAL)
T6D2C 4656:788.480 - 0.030ms returns JLINKARM_CM3_RESET_TYPE_NORMAL
T6D2C 4656:788.480 JLINK_Reset()
T6D2C 4656:788.480   JLINK_GetResetTypeDesc
T6D2C 4656:788.480   - 0.009ms 
T6D2C 4656:788.480   Reset type: NORMAL (https://wiki.segger.com/J-Link_Reset_Strategies)
T6D2C 4656:788.480   CPU_WriteMem(4 bytes @ 0xE000EDF0)
T6D2C 4656:788.480   CPU_WriteMem(4 bytes @ 0xE000EDFC)
T6D2C 4656:788.992   Reset: Halt core after reset via DEMCR.VC_CORERESET.
T6D2C 4656:789.504   Reset: Reset device via AIRCR.SYSRESETREQ.
T6D2C 4656:790.016   CPU_WriteMem(4 bytes @ 0xE000ED0C)
T6D2C 4656:843.776   CPU_ReadMem(4 bytes @ 0xE000EDF0)
T6D2C 4656:843.776   CPU_ReadMem(4 bytes @ 0xE000EDF0)
T6D2C 4656:844.800   CPU_WriteMem(4 bytes @ 0xE000EDFC)
T6D2C 4656:850.944   CPU_ReadMem(4 bytes @ 0xE000EDF0)
T6D2C 4656:854.016   CPU_WriteMem(4 bytes @ 0xE0002000)
T6D2C 4656:854.528   CPU_ReadMem(4 bytes @ 0xE000EDFC)
T6D2C 4656:855.040   CPU_ReadMem(4 bytes @ 0xE0001000)
T6D2C 4656:855.552 - 67.093ms 
T445C 4656:869.376 JLINK_IsHalted()
T445C 4656:869.376 - 0.037ms returns TRUE
T52DC 4656:972.288 JLINK_Halt()
T52DC 4656:972.288 - 0.035ms returns 0x00
T52DC 4656:972.288 JLINK_ReadReg(R15 (PC))
T52DC 4656:972.288 - 0.011ms returns 0x0000338C
T52DC 4656:972.288 JLINK_ReadReg(R13 (SP))
T52DC 4656:972.288 - 0.008ms returns 0x200108D8
T52DC 4656:977.920 JLINK_ReadMemHW(0x0000338C, 0x0004 Bytes, ...)
T52DC 4656:978.432   CPU_ReadMem(4 bytes @ 0x0000338C)
T52DC 4656:978.944   Data:  17 49 18 48
T52DC 4656:978.944 - 0.468ms returns 0
T52DC 4656:978.944 JLINK_ReadReg(R0)
T52DC 4656:978.944 - 0.025ms returns 0x20000804
T52DC 4656:978.944 JLINK_ReadReg(R1)
T52DC 4656:978.944 - 0.062ms returns 0x00000000
T52DC 4656:978.944 JLINK_ReadReg(R2)
T52DC 4656:978.944 - 0.009ms returns 0x00000000
T52DC 4656:978.944 JLINK_ReadReg(R3)
T52DC 4656:978.944 - 0.008ms returns 0x0001F000
T52DC 4656:978.944 JLINK_ReadReg(R4)
T52DC 4656:978.944 - 0.008ms returns 0x20000804
T52DC 4656:978.944 JLINK_ReadReg(R5)
T52DC 4656:978.944 - 0.009ms returns 0x2000085C
T52DC 4656:978.944 JLINK_ReadReg(R6)
T52DC 4656:978.944 - 0.008ms returns 0x2000085C
T52DC 4656:978.944 JLINK_ReadReg(R7)
T52DC 4656:978.944 - 0.009ms returns 0xE000ED04
T52DC 4656:978.944 JLINK_ReadReg(R8)
T52DC 4656:978.944 - 0.008ms returns 0xA5A5A5A5
T52DC 4656:978.944 JLINK_ReadReg(R9)
T52DC 4656:978.944 - 0.009ms returns 0xA5A5A5A5
T52DC 4656:978.944 JLINK_ReadReg(R10)
T52DC 4656:978.944 - 0.008ms returns 0xA5A5A5A5
T52DC 4656:978.944 JLINK_ReadReg(R11)
T52DC 4656:978.944 - 0.008ms returns 0xA5A5A5A5
T52DC 4656:978.944 JLINK_ReadReg(R12)
T52DC 4656:978.944 - 0.008ms returns 0x20000788
T52DC 4656:978.944 JLINK_ReadReg(R13 (SP))
T52DC 4656:978.944 - 0.008ms returns 0x200108D8
T52DC 4656:978.944 JLINK_ReadReg(R14)
T52DC 4656:978.944 - 0.008ms returns 0xFFFFFFFF
T52DC 4656:978.944 JLINK_ReadReg(R15 (PC))
T52DC 4656:978.944 - 0.008ms returns 0x0000338C
T52DC 4656:978.944 JLINK_ReadReg(XPSR)
T52DC 4656:978.944 - 0.008ms returns 0x01000000
T52DC 4656:978.944 JLINK_ReadReg(MSP)
T52DC 4656:978.944 - 0.008ms returns 0x200108D8
T52DC 4656:978.944 JLINK_ReadReg(PSP)
T52DC 4656:978.944 - 0.008ms returns 0x20006CB8
T52DC 4656:978.944 JLINK_ReadReg(PRIMASK)
T52DC 4656:978.944 - 0.008ms returns 0x00000000
T52DC 4656:979.456 JLINK_ReadReg(BASEPRI)
T52DC 4656:979.456 - 0.008ms returns 0x00000000
T52DC 4656:979.456 JLINK_ReadReg(FAULTMASK)
T52DC 4656:979.456 - 0.008ms returns 0x00000000
T52DC 4656:979.456 JLINK_ReadReg(CONTROL)
T52DC 4656:979.456 - 0.008ms returns 0x00000000
T52DC 4656:979.456 JLINK_ReadReg(FPSCR)
T52DC 4656:984.064 - 4.662ms returns 0x00000000
T52DC 4656:984.064 JLINK_ReadReg(FPS0)
T52DC 4656:984.064 - 0.010ms returns 0x1451C008
T52DC 4656:984.576 JLINK_ReadReg(FPS1)
T52DC 4656:984.576 - 0.010ms returns 0x22408100
T52DC 4656:984.576 JLINK_ReadReg(FPS2)
T52DC 4656:984.576 - 0.008ms returns 0x28004000
T52DC 4656:984.576 JLINK_ReadReg(FPS3)
T52DC 4656:984.576 - 0.008ms returns 0x10809270
T52DC 4656:984.576 JLINK_ReadReg(FPS4)
T52DC 4656:984.576 - 0.007ms returns 0x28220039
T52DC 4656:984.576 JLINK_ReadReg(FPS5)
T52DC 4656:984.576 - 0.008ms returns 0x2CC47523
T52DC 4656:984.576 JLINK_ReadReg(FPS6)
T52DC 4656:984.576 - 0.008ms returns 0x48A46005
T52DC 4656:984.576 JLINK_ReadReg(FPS7)
T52DC 4656:984.576 - 0.008ms returns 0x85888A64
T52DC 4656:984.576 JLINK_ReadReg(FPS8)
T52DC 4656:984.576 - 0.008ms returns 0x5D200941
T52DC 4656:984.576 JLINK_ReadReg(FPS9)
T52DC 4656:984.576 - 0.008ms returns 0x8544B01C
T52DC 4656:985.088 JLINK_ReadReg(FPS10)
T52DC 4656:985.088 - 0.008ms returns 0xC0417480
T52DC 4656:985.088 JLINK_ReadReg(FPS11)
T52DC 4656:985.088 - 0.008ms returns 0x4A903000
T52DC 4656:985.088 JLINK_ReadReg(FPS12)
T52DC 4656:985.088 - 0.008ms returns 0x03280566
T52DC 4656:985.088 JLINK_ReadReg(FPS13)
T52DC 4656:985.088 - 0.008ms returns 0x18829A44
T52DC 4656:985.088 JLINK_ReadReg(FPS14)
T52DC 4656:985.088 - 0.008ms returns 0x6390000C
T52DC 4656:985.088 JLINK_ReadReg(FPS15)
T52DC 4656:985.088 - 0.008ms returns 0x08480002
T52DC 4656:985.088 JLINK_ReadReg(FPS16)
T52DC 4656:985.088 - 0.008ms returns 0x28100430
T52DC 4656:985.088 JLINK_ReadReg(FPS17)
T52DC 4656:985.088 - 0.008ms returns 0x22054209
T52DC 4656:985.088 JLINK_ReadReg(FPS18)
T52DC 4656:985.088 - 0.008ms returns 0x85360884
T52DC 4656:985.088 JLINK_ReadReg(FPS19)
T52DC 4656:985.088 - 0.008ms returns 0x39262090
T52DC 4656:985.088 JLINK_ReadReg(FPS20)
T52DC 4656:985.088 - 0.008ms returns 0x40B1CC80
T52DC 4656:985.088 JLINK_ReadReg(FPS21)
T52DC 4656:985.088 - 0.008ms returns 0x30948069
T52DC 4656:985.088 JLINK_ReadReg(FPS22)
T52DC 4656:985.088 - 0.008ms returns 0x5E239201
T52DC 4656:985.088 JLINK_ReadReg(FPS23)
T52DC 4656:985.088 - 0.013ms returns 0x3004002C
T52DC 4656:985.088 JLINK_ReadReg(FPS24)
T52DC 4656:985.088 - 0.008ms returns 0x50343129
T52DC 4656:985.088 JLINK_ReadReg(FPS25)
T52DC 4656:985.088 - 0.008ms returns 0x8D828005
T52DC 4656:985.088 JLINK_ReadReg(FPS26)
T52DC 4656:985.088 - 0.008ms returns 0x90800810
T52DC 4656:985.088 JLINK_ReadReg(FPS27)
T52DC 4656:985.088 - 0.008ms returns 0x895177E3
T52DC 4656:985.088 JLINK_ReadReg(FPS28)
T52DC 4656:985.088 - 0.008ms returns 0x00DE4104
T52DC 4656:985.088 JLINK_ReadReg(FPS29)
T52DC 4656:985.088 - 0.008ms returns 0x228C1350
T52DC 4656:985.088 JLINK_ReadReg(FPS30)
T52DC 4656:985.088 - 0.008ms returns 0xD08048B8
T52DC 4656:985.088 JLINK_ReadReg(FPS31)
T52DC 4656:985.088 - 0.008ms returns 0xC8010108
T52DC 4656:985.088 JLINK_ReadMemHW(0x0000338C, 0x0002 Bytes, ...)
T52DC 4656:985.088   CPU_ReadMem(2 bytes @ 0x0000338C)
T52DC 4656:985.600   Data:  17 49
T52DC 4656:985.600 - 0.361ms returns 0
T52DC 4657:054.720 JLINK_ReadReg(R0)
T52DC 4657:054.720 - 0.052ms returns 0x20000804
T52DC 4657:054.720 JLINK_ReadReg(R1)
T52DC 4657:054.720 - 0.008ms returns 0x00000000
T52DC 4657:054.720 JLINK_ReadReg(R2)
T52DC 4657:054.720 - 0.014ms returns 0x00000000
T52DC 4657:054.720 JLINK_ReadReg(R3)
T52DC 4657:054.720 - 0.009ms returns 0x0001F000
T52DC 4657:054.720 JLINK_ReadReg(R4)
T52DC 4657:054.720 - 0.009ms returns 0x20000804
T52DC 4657:054.720 JLINK_ReadReg(R5)
T52DC 4657:054.720 - 0.008ms returns 0x2000085C
T52DC 4657:054.720 JLINK_ReadReg(R6)
T52DC 4657:054.720 - 0.008ms returns 0x2000085C
T52DC 4657:054.720 JLINK_ReadReg(R7)
T52DC 4657:054.720 - 0.008ms returns 0xE000ED04
T52DC 4657:054.720 JLINK_ReadReg(R8)
T52DC 4657:054.720 - 0.008ms returns 0xA5A5A5A5
T52DC 4657:054.720 JLINK_ReadReg(R9)
T52DC 4657:054.720 - 0.008ms returns 0xA5A5A5A5
T52DC 4657:054.720 JLINK_ReadReg(R10)
T52DC 4657:054.720 - 0.008ms returns 0xA5A5A5A5
T52DC 4657:054.720 JLINK_ReadReg(R11)
T52DC 4657:054.720 - 0.008ms returns 0xA5A5A5A5
T52DC 4657:054.720 JLINK_ReadReg(R12)
T52DC 4657:054.720 - 0.008ms returns 0x20000788
T52DC 4657:054.720 JLINK_ReadReg(R13 (SP))
T52DC 4657:054.720 - 0.008ms returns 0x200108D8
T52DC 4657:054.720 JLINK_ReadReg(R14)
T52DC 4657:054.720 - 0.008ms returns 0xFFFFFFFF
T52DC 4657:054.720 JLINK_ReadReg(R15 (PC))
T52DC 4657:054.720 - 0.008ms returns 0x0000338C
T52DC 4657:054.720 JLINK_ReadReg(XPSR)
T52DC 4657:054.720 - 0.008ms returns 0x01000000
T52DC 4657:054.720 JLINK_ReadReg(MSP)
T52DC 4657:054.720 - 0.008ms returns 0x200108D8
T52DC 4657:054.720 JLINK_ReadReg(PSP)
T52DC 4657:054.720 - 0.008ms returns 0x20006CB8
T52DC 4657:054.720 JLINK_ReadReg(PRIMASK)
T52DC 4657:054.720 - 0.008ms returns 0x00000000
T52DC 4657:054.720 JLINK_ReadReg(BASEPRI)
T52DC 4657:054.720 - 0.008ms returns 0x00000000
T52DC 4657:054.720 JLINK_ReadReg(FAULTMASK)
T52DC 4657:054.720 - 0.008ms returns 0x00000000
T52DC 4657:054.720 JLINK_ReadReg(CONTROL)
T52DC 4657:054.720 - 0.008ms returns 0x00000000
T52DC 4657:054.720 JLINK_ReadReg(FPSCR)
T52DC 4657:054.720 - 0.008ms returns 0x00000000
T52DC 4657:054.720 JLINK_ReadReg(FPS0)
T52DC 4657:054.720 - 0.008ms returns 0x1451C008
T52DC 4657:054.720 JLINK_ReadReg(FPS1)
T52DC 4657:054.720 - 0.008ms returns 0x22408100
T52DC 4657:055.232 JLINK_ReadReg(FPS2)
T52DC 4657:055.232 - 0.008ms returns 0x28004000
T52DC 4657:055.232 JLINK_ReadReg(FPS3)
T52DC 4657:055.232 - 0.008ms returns 0x10809270
T52DC 4657:055.232 JLINK_ReadReg(FPS4)
T52DC 4657:055.232 - 0.008ms returns 0x28220039
T52DC 4657:055.232 JLINK_ReadReg(FPS5)
T52DC 4657:055.232 - 0.008ms returns 0x2CC47523
T52DC 4657:055.232 JLINK_ReadReg(FPS6)
T52DC 4657:055.232 - 0.008ms returns 0x48A46005
T52DC 4657:055.232 JLINK_ReadReg(FPS7)
T52DC 4657:055.232 - 0.008ms returns 0x85888A64
T52DC 4657:055.232 JLINK_ReadReg(FPS8)
T52DC 4657:055.232 - 0.008ms returns 0x5D200941
T52DC 4657:055.232 JLINK_ReadReg(FPS9)
T52DC 4657:055.232 - 0.008ms returns 0x8544B01C
T52DC 4657:055.232 JLINK_ReadReg(FPS10)
T52DC 4657:055.232 - 0.008ms returns 0xC0417480
T52DC 4657:055.232 JLINK_ReadReg(FPS11)
T52DC 4657:055.232 - 0.011ms returns 0x4A903000
T52DC 4657:055.232 JLINK_ReadReg(FPS12)
T52DC 4657:055.232 - 0.008ms returns 0x03280566
T52DC 4657:055.232 JLINK_ReadReg(FPS13)
T52DC 4657:055.232 - 0.008ms returns 0x18829A44
T52DC 4657:055.232 JLINK_ReadReg(FPS14)
T52DC 4657:055.232 - 0.008ms returns 0x6390000C
T52DC 4657:055.232 JLINK_ReadReg(FPS15)
T52DC 4657:055.232 - 0.008ms returns 0x08480002
T52DC 4657:055.232 JLINK_ReadReg(FPS16)
T52DC 4657:055.232 - 0.008ms returns 0x28100430
T52DC 4657:055.232 JLINK_ReadReg(FPS17)
T52DC 4657:055.232 - 0.008ms returns 0x22054209
T52DC 4657:055.232 JLINK_ReadReg(FPS18)
T52DC 4657:055.232 - 0.008ms returns 0x85360884
T52DC 4657:055.232 JLINK_ReadReg(FPS19)
T52DC 4657:055.232 - 0.008ms returns 0x39262090
T52DC 4657:055.232 JLINK_ReadReg(FPS20)
T52DC 4657:055.232 - 0.008ms returns 0x40B1CC80
T52DC 4657:055.232 JLINK_ReadReg(FPS21)
T52DC 4657:055.232 - 0.008ms returns 0x30948069
T52DC 4657:055.232 JLINK_ReadReg(FPS22)
T52DC 4657:055.232 - 0.008ms returns 0x5E239201
T52DC 4657:055.232 JLINK_ReadReg(FPS23)
T52DC 4657:055.744 - 0.008ms returns 0x3004002C
T52DC 4657:055.744 JLINK_ReadReg(FPS24)
T52DC 4657:055.744 - 0.008ms returns 0x50343129
T52DC 4657:055.744 JLINK_ReadReg(FPS25)
T52DC 4657:055.744 - 0.008ms returns 0x8D828005
T52DC 4657:055.744 JLINK_ReadReg(FPS26)
T52DC 4657:055.744 - 0.008ms returns 0x90800810
T52DC 4657:055.744 JLINK_ReadReg(FPS27)
T52DC 4657:055.744 - 0.008ms returns 0x895177E3
T52DC 4657:055.744 JLINK_ReadReg(FPS28)
T52DC 4657:055.744 - 0.008ms returns 0x00DE4104
T52DC 4657:055.744 JLINK_ReadReg(FPS29)
T52DC 4657:055.744 - 0.008ms returns 0x228C1350
T52DC 4657:055.744 JLINK_ReadReg(FPS30)
T52DC 4657:055.744 - 0.008ms returns 0xD08048B8
T52DC 4657:055.744 JLINK_ReadReg(FPS31)
T52DC 4657:055.744 - 0.008ms returns 0xC8010108
T445C 4657:073.152 JLINK_IsHalted()
T445C 4657:073.152 - 0.038ms returns TRUE
T52DC 4657:085.440 JLINK_ReadMemHW(0x0000338C, 0x0004 Bytes, ...)
T52DC 4657:085.440   CPU_ReadMem(4 bytes @ 0x0000338C)
T52DC 4657:085.440   Data:  17 49 18 48
T52DC 4657:085.440 - 0.539ms returns 0
T52DC 4657:099.776 JLINK_SetResetType(JLINKARM_CM3_RESET_TYPE_NORMAL)
T52DC 4657:099.776 - 0.078ms returns JLINKARM_CM3_RESET_TYPE_NORMAL
T52DC 4657:099.776 JLINK_Reset()
T52DC 4657:099.776   JLINK_GetResetTypeDesc
T52DC 4657:099.776   - 0.009ms 
T52DC 4657:100.288   Reset type: NORMAL (https://wiki.segger.com/J-Link_Reset_Strategies)
T52DC 4657:100.288   CPU_WriteMem(4 bytes @ 0xE000EDF0)
T52DC 4657:100.800   CPU_WriteMem(4 bytes @ 0xE000EDFC)
T52DC 4657:100.800   Reset: Halt core after reset via DEMCR.VC_CORERESET.
T52DC 4657:101.824   Reset: Reset device via AIRCR.SYSRESETREQ.
T52DC 4657:101.824   CPU_WriteMem(4 bytes @ 0xE000ED0C)
T52DC 4657:155.072   CPU_ReadMem(4 bytes @ 0xE000EDF0)
T52DC 4657:155.072   CPU_ReadMem(4 bytes @ 0xE000EDF0)
T52DC 4657:155.584   CPU_WriteMem(4 bytes @ 0xE000EDFC)
T52DC 4657:162.240   CPU_ReadMem(4 bytes @ 0xE000EDF0)
T52DC 4657:165.312   CPU_WriteMem(4 bytes @ 0xE0002000)
T52DC 4657:165.824   CPU_ReadMem(4 bytes @ 0xE000EDFC)
T52DC 4657:166.336   CPU_ReadMem(4 bytes @ 0xE0001000)
T52DC 4657:166.848 - 66.588ms 
T445C 4657:167.360 JLINK_IsHalted()
T445C 4657:167.360 - 0.019ms returns TRUE
T445C 4657:167.360 JLINK_GetMOEs(...)
T445C 4657:167.360   CPU_ReadMem(4 bytes @ 0xE000ED30)
T445C 4657:167.872 - 0.375ms returns 0x01
T445C 4657:167.872 JLINK_ReadReg(R15 (PC))
T445C 4657:167.872 - 0.009ms returns 0x0000338C
T52DC 4657:176.064 JLINK_ReadReg(R15 (PC))
T52DC 4657:176.064 - 0.033ms returns 0x0000338C
T52DC 4657:176.064 JLINK_ReadReg(R13 (SP))
T52DC 4657:176.064 - 0.016ms returns 0x200108D8
T52DC 4657:176.576 JLINK_ReadMemHW(0x0000338C, 0x0004 Bytes, ...)
T52DC 4657:176.576   CPU_ReadMem(4 bytes @ 0x0000338C)
T52DC 4657:177.600   Data:  17 49 18 48
T52DC 4657:177.600 - 0.673ms returns 0
T52DC 4657:210.368 JLINK_ReadReg(R0)
T52DC 4657:210.368 - 0.043ms returns 0x20000804
T52DC 4657:210.368 JLINK_ReadReg(R1)
T52DC 4657:210.368 - 0.012ms returns 0x00000000
T52DC 4657:210.368 JLINK_ReadReg(R2)
T52DC 4657:210.368 - 0.016ms returns 0x00000000
T52DC 4657:210.368 JLINK_ReadReg(R3)
T52DC 4657:210.368 - 0.010ms returns 0x0001F000
T52DC 4657:210.368 JLINK_ReadReg(R4)
T52DC 4657:210.368 - 0.008ms returns 0x20000804
T52DC 4657:210.368 JLINK_ReadReg(R5)
T52DC 4657:210.368 - 0.008ms returns 0x2000085C
T52DC 4657:210.368 JLINK_ReadReg(R6)
T52DC 4657:210.368 - 0.007ms returns 0x2000085C
T52DC 4657:210.368 JLINK_ReadReg(R7)
T52DC 4657:210.368 - 0.008ms returns 0xE000ED04
T52DC 4657:210.368 JLINK_ReadReg(R8)
T52DC 4657:210.368 - 0.009ms returns 0xA5A5A5A5
T52DC 4657:210.368 JLINK_ReadReg(R9)
T52DC 4657:210.368 - 0.008ms returns 0xA5A5A5A5
T52DC 4657:210.368 JLINK_ReadReg(R10)
T52DC 4657:210.368 - 0.008ms returns 0xA5A5A5A5
T52DC 4657:210.368 JLINK_ReadReg(R11)
T52DC 4657:210.368 - 0.008ms returns 0xA5A5A5A5
T52DC 4657:210.368 JLINK_ReadReg(R12)
T52DC 4657:210.368 - 0.010ms returns 0x20000788
T52DC 4657:210.368 JLINK_ReadReg(R13 (SP))
T52DC 4657:210.368 - 0.008ms returns 0x200108D8
T52DC 4657:210.368 JLINK_ReadReg(R14)
T52DC 4657:210.368 - 0.008ms returns 0xFFFFFFFF
T52DC 4657:210.368 JLINK_ReadReg(R15 (PC))
T52DC 4657:210.368 - 0.008ms returns 0x0000338C
T52DC 4657:210.368 JLINK_ReadReg(XPSR)
T52DC 4657:210.368 - 0.007ms returns 0x01000000
T52DC 4657:210.368 JLINK_ReadReg(MSP)
T52DC 4657:210.368 - 0.007ms returns 0x200108D8
T52DC 4657:210.368 JLINK_ReadReg(PSP)
T52DC 4657:210.368 - 0.007ms returns 0x20006CB8
T52DC 4657:210.368 JLINK_ReadReg(PRIMASK)
T52DC 4657:210.368 - 0.007ms returns 0x00000000
T52DC 4657:210.368 JLINK_ReadReg(BASEPRI)
T52DC 4657:210.368 - 0.007ms returns 0x00000000
T52DC 4657:210.368 JLINK_ReadReg(FAULTMASK)
T52DC 4657:210.368 - 0.007ms returns 0x00000000
T52DC 4657:210.368 JLINK_ReadReg(CONTROL)
T52DC 4657:210.368 - 0.007ms returns 0x00000000
T52DC 4657:210.368 JLINK_ReadReg(FPSCR)
T52DC 4657:216.000 - 5.303ms returns 0x00000000
T52DC 4657:216.512 JLINK_ReadReg(FPS0)
T52DC 4657:216.512 - 0.010ms returns 0x1451C008
T52DC 4657:216.512 JLINK_ReadReg(FPS1)
T52DC 4657:216.512 - 0.007ms returns 0x22408100
T52DC 4657:216.512 JLINK_ReadReg(FPS2)
T52DC 4657:216.512 - 0.007ms returns 0x28004000
T52DC 4657:216.512 JLINK_ReadReg(FPS3)
T52DC 4657:216.512 - 0.008ms returns 0x10809270
T52DC 4657:216.512 JLINK_ReadReg(FPS4)
T52DC 4657:216.512 - 0.007ms returns 0x28220039
T52DC 4657:216.512 JLINK_ReadReg(FPS5)
T52DC 4657:216.512 - 0.007ms returns 0x2CC47523
T52DC 4657:216.512 JLINK_ReadReg(FPS6)
T52DC 4657:216.512 - 0.007ms returns 0x48A46005
T52DC 4657:216.512 JLINK_ReadReg(FPS7)
T52DC 4657:216.512 - 0.007ms returns 0x85888A64
T52DC 4657:216.512 JLINK_ReadReg(FPS8)
T52DC 4657:216.512 - 0.007ms returns 0x5D200941
T52DC 4657:216.512 JLINK_ReadReg(FPS9)
T52DC 4657:216.512 - 0.008ms returns 0x8544B01C
T52DC 4657:216.512 JLINK_ReadReg(FPS10)
T52DC 4657:216.512 - 0.007ms returns 0xC0417480
T52DC 4657:216.512 JLINK_ReadReg(FPS11)
T52DC 4657:216.512 - 0.007ms returns 0x4A903000
T52DC 4657:216.512 JLINK_ReadReg(FPS12)
T52DC 4657:216.512 - 0.007ms returns 0x03280566
T52DC 4657:216.512 JLINK_ReadReg(FPS13)
T52DC 4657:216.512 - 0.007ms returns 0x18829A44
T52DC 4657:216.512 JLINK_ReadReg(FPS14)
T52DC 4657:216.512 - 0.007ms returns 0x6390000C
T52DC 4657:216.512 JLINK_ReadReg(FPS15)
T52DC 4657:216.512 - 0.007ms returns 0x08480002
T52DC 4657:216.512 JLINK_ReadReg(FPS16)
T52DC 4657:216.512 - 0.007ms returns 0x28100430
T52DC 4657:216.512 JLINK_ReadReg(FPS17)
T52DC 4657:216.512 - 0.007ms returns 0x22054209
T52DC 4657:216.512 JLINK_ReadReg(FPS18)
T52DC 4657:216.512 - 0.007ms returns 0x85360884
T52DC 4657:216.512 JLINK_ReadReg(FPS19)
T52DC 4657:216.512 - 0.007ms returns 0x39262090
T52DC 4657:216.512 JLINK_ReadReg(FPS20)
T52DC 4657:216.512 - 0.007ms returns 0x40B1CC80
T52DC 4657:216.512 JLINK_ReadReg(FPS21)
T52DC 4657:216.512 - 0.007ms returns 0x30948069
T52DC 4657:216.512 JLINK_ReadReg(FPS22)
T52DC 4657:216.512 - 0.007ms returns 0x5E239201
T52DC 4657:216.512 JLINK_ReadReg(FPS23)
T52DC 4657:216.512 - 0.058ms returns 0x3004002C
T52DC 4657:216.512 JLINK_ReadReg(FPS24)
T52DC 4657:216.512 - 0.007ms returns 0x50343129
T52DC 4657:216.512 JLINK_ReadReg(FPS25)
T52DC 4657:216.512 - 0.007ms returns 0x8D828005
T52DC 4657:216.512 JLINK_ReadReg(FPS26)
T52DC 4657:216.512 - 0.007ms returns 0x90800810
T52DC 4657:216.512 JLINK_ReadReg(FPS27)
T52DC 4657:216.512 - 0.007ms returns 0x895177E3
T52DC 4657:216.512 JLINK_ReadReg(FPS28)
T52DC 4657:216.512 - 0.007ms returns 0x00DE4104
T52DC 4657:216.512 JLINK_ReadReg(FPS29)
T52DC 4657:216.512 - 0.007ms returns 0x228C1350
T52DC 4657:216.512 JLINK_ReadReg(FPS30)
T52DC 4657:216.512 - 0.007ms returns 0xD08048B8
T52DC 4657:216.512 JLINK_ReadReg(FPS31)
T52DC 4657:216.512 - 0.007ms returns 0xC8010108
T52DC 4657:217.536 JLINK_ReadMemHW(0x00000000, 0x0002 Bytes, ...)
T52DC 4657:218.048   CPU_ReadMem(2 bytes @ 0x00000000)
T52DC 4657:218.560   Data:  D8 08
T52DC 4657:218.560 - 0.844ms returns 0
T52DC 4657:239.552 JLINK_ReadMemHW(0x0000B5A8, 0x0001 Bytes, ...)
T52DC 4657:239.552   CPU_ReadMem(1 bytes @ 0x0000B5A8)
T52DC 4657:240.064   Data:  00
T52DC 4657:240.064 - 0.591ms returns 0
T52DC 4657:271.808 JLINK_ReadReg(R15 (PC))
T52DC 4657:271.808 - 0.060ms returns 0x0000338C
T52DC 4657:271.808 JLINK_GetNumBPUnits(Type = 0xFFFFFF02)
T52DC 4657:271.808 - 0.016ms returns 0x06
T52DC 4657:271.808 JLINK_SetBPEx(Addr = 0x0000B5A8, Type = 0xFFFFFFF2)
T52DC 4657:271.808 - 0.015ms returns 0x00000001
T52DC 4657:271.808 JLINK_GetBPInfo(BPHandle = 1)
T52DC 4657:271.808 - 0.012ms returns 0x0
T52DC 4657:272.320 JLINK_Go()
T52DC 4657:272.320   CPU_WriteMem(4 bytes @ 0xE0002000)
T52DC 4657:273.344   CPU_ReadMem(4 bytes @ 0xE0001000)
T52DC 4657:273.856   CPU_WriteMem(4 bytes @ 0xE000ED30)
T52DC 4657:273.856   CPU_WriteMem(4 bytes @ 0xE0002008)
T52DC 4657:273.856   CPU_WriteMem(4 bytes @ 0xE000200C)
T52DC 4657:273.856   CPU_WriteMem(4 bytes @ 0xE0002010)
T52DC 4657:273.856   CPU_WriteMem(4 bytes @ 0xE0002014)
T52DC 4657:273.856   CPU_WriteMem(4 bytes @ 0xE0002018)
T52DC 4657:273.856   CPU_WriteMem(4 bytes @ 0xE000201C)
T52DC 4657:275.904   CPU_WriteMem(4 bytes @ 0xE0001004)
T52DC 4657:276.416   Memory map 'after startup completion point' is active
T52DC 4657:276.416 - 4.161ms 
T445C 4657:276.416 JLINK_IsHalted()
T445C 4657:276.928 - 0.366ms returns FALSE
T445C 4657:297.408 JLINK_IsHalted()
T445C 4657:300.480 - 3.085ms returns TRUE
T445C 4657:300.480 JLINK_GetMOEs(...)
T445C 4657:300.480   CPU_ReadMem(4 bytes @ 0xE000ED30)
T445C 4657:300.992 - 0.458ms returns 0x01
T445C 4657:300.992 JLINK_ReadReg(R15 (PC))
T445C 4657:300.992 - 0.009ms returns 0x0000B5A8
T52DC 4657:307.648 JLINK_ReadReg(R15 (PC))
T52DC 4657:307.648 - 0.024ms returns 0x0000B5A8
T52DC 4657:307.648 JLINK_ReadReg(R13 (SP))
T52DC 4657:308.160 - 0.008ms returns 0x200108D0
T52DC 4657:308.672 JLINK_ReadMemHW(0x0000B5A8, 0x0004 Bytes, ...)
T52DC 4657:308.672   CPU_ReadMem(4 bytes @ 0x0000B5A8)
T52DC 4657:308.672   Data:  00 B5 23 4B
T52DC 4657:308.672 - 0.469ms returns 0
T52DC 4657:332.736 JLINK_WriteU32(0xE000EDFC, 0x01000000)
T52DC 4657:332.736   Debug reg: DEMCR
T52DC 4657:333.248   CPU_WriteMem(4 bytes @ 0xE000EDFC)
T52DC 4657:333.248 - 0.845ms returns 0 (0x00000000)
T52DC 4657:333.760 JLINK_ReadMem(0xE0001000, 0x4 Bytes, ...)
T52DC 4657:333.760   CPU_ReadMem(4 bytes @ 0xE0001000)
T52DC 4657:334.272   Data:  01 00 00 40
T52DC 4657:334.272   Debug reg: DWT_CTRL
T52DC 4657:334.272 - 0.467ms returns 0
T52DC 4657:334.272 JLINK_WriteU32(0xE0001000, 0x40000001)
T52DC 4657:334.272   Debug reg: DWT_CTRL
T52DC 4657:334.272   CPU_WriteMem(4 bytes @ 0xE0001000)
T52DC 4657:334.784 - 0.569ms returns 0 (0x00000000)
T52DC 4657:334.784 JLINK_WriteU32(0xE0001028, 0x00000100)
T52DC 4657:334.784   Debug reg: DWT_FUNC[0]
T52DC 4657:334.784 - 0.025ms returns 0 (0x00000000)
T52DC 4657:334.784 JLINK_ReadMem(0xE0001028, 0x4 Bytes, ...)
T52DC 4657:334.784   CPU_WriteMem(4 bytes @ 0xE0001028)
T52DC 4657:335.296   CPU_ReadMem(4 bytes @ 0xE0001028)
T52DC 4657:335.808   Data:  00 00 00 00
T52DC 4657:335.808   Debug reg: DWT_FUNC[0]
T52DC 4657:335.808 - 0.920ms returns 0
T52DC 4657:335.808 JLINK_WriteU32(0xE0001024, 0x0000001F)
T52DC 4657:335.808   Debug reg: DWT_MASK[0]
T52DC 4657:335.808 - 0.247ms returns 0 (0x00000000)
T52DC 4657:335.808 JLINK_ReadMem(0xE0001024, 0x4 Bytes, ...)
T52DC 4657:335.808   CPU_WriteMem(4 bytes @ 0xE0001024)
T52DC 4657:336.320   CPU_ReadMem(4 bytes @ 0xE0001024)
T52DC 4657:336.832   Data:  0F 00 00 00
T52DC 4657:336.832   Debug reg: DWT_MASK[0]
T52DC 4657:336.832 - 0.765ms returns 0
T52DC 4657:337.344 JLINK_WriteU32(0xE0001038, 0x00000100)
T52DC 4657:337.344   Debug reg: DWT_FUNC[1]
T52DC 4657:337.344 - 0.042ms returns 0 (0x00000000)
T52DC 4657:337.344 JLINK_ReadMem(0xE0001038, 0x4 Bytes, ...)
T52DC 4657:337.344   CPU_WriteMem(4 bytes @ 0xE0001038)
T52DC 4657:337.344   CPU_ReadMem(4 bytes @ 0xE0001038)
T52DC 4657:337.344   Data:  00 03 00 00
T52DC 4657:337.344   Debug reg: DWT_FUNC[1]
T52DC 4657:337.856 - 0.747ms returns 0
T52DC 4657:337.856 JLINK_WriteU32(0xE0001034, 0x0000001F)
T52DC 4657:337.856   Debug reg: DWT_MASK[1]
T52DC 4657:337.856 - 0.048ms returns 0 (0x00000000)
T52DC 4657:337.856 JLINK_ReadMem(0xE0001034, 0x4 Bytes, ...)
T52DC 4657:337.856   CPU_WriteMem(4 bytes @ 0xE0001034)
T52DC 4657:338.368   CPU_ReadMem(4 bytes @ 0xE0001034)
T52DC 4657:338.880   Data:  0F 00 00 00
T52DC 4657:338.880   Debug reg: DWT_MASK[1]
T52DC 4657:338.880 - 0.808ms returns 0
T52DC 4657:338.880 JLINK_WriteU32(0xE0001048, 0x00000100)
T52DC 4657:338.880   Debug reg: DWT_FUNC[2]
T52DC 4657:338.880 - 0.179ms returns 0 (0x00000000)
T52DC 4657:338.880 JLINK_ReadMem(0xE0001048, 0x4 Bytes, ...)
T52DC 4657:338.880   CPU_WriteMem(4 bytes @ 0xE0001048)
T52DC 4657:339.392   CPU_ReadMem(4 bytes @ 0xE0001048)
T52DC 4657:339.392   Data:  00 00 00 00
T52DC 4657:339.392   Debug reg: DWT_FUNC[2]
T52DC 4657:339.392 - 0.830ms returns 0
T52DC 4657:339.392 JLINK_WriteU32(0xE0001044, 0x0000001F)
T52DC 4657:339.904   Debug reg: DWT_MASK[2]
T52DC 4657:339.904 - 0.036ms returns 0 (0x00000000)
T52DC 4657:339.904 JLINK_ReadMem(0xE0001044, 0x4 Bytes, ...)
T52DC 4657:339.904   CPU_WriteMem(4 bytes @ 0xE0001044)
T52DC 4657:340.416   CPU_ReadMem(4 bytes @ 0xE0001044)
T52DC 4657:340.928   Data:  0F 00 00 00
T52DC 4657:340.928   Debug reg: DWT_MASK[2]
T52DC 4657:340.928 - 0.865ms returns 0
T52DC 4657:340.928 JLINK_WriteU32(0xE0001058, 0x00000100)
T52DC 4657:340.928   Debug reg: DWT_FUNC[3]
T52DC 4657:340.928 - 0.028ms returns 0 (0x00000000)
T52DC 4657:340.928 JLINK_ReadMem(0xE0001058, 0x4 Bytes, ...)
T52DC 4657:340.928   CPU_WriteMem(4 bytes @ 0xE0001058)
T52DC 4657:341.440   CPU_ReadMem(4 bytes @ 0xE0001058)
T52DC 4657:341.440   Data:  00 00 00 00
T52DC 4657:341.440   Debug reg: DWT_FUNC[3]
T52DC 4657:341.440 - 0.803ms returns 0
T52DC 4657:341.440 JLINK_WriteU32(0xE0001054, 0x0000001F)
T52DC 4657:341.440   Debug reg: DWT_MASK[3]
T52DC 4657:341.440 - 0.024ms returns 0 (0x00000000)
T52DC 4657:341.440 JLINK_ReadMem(0xE0001054, 0x4 Bytes, ...)
T52DC 4657:341.440   CPU_WriteMem(4 bytes @ 0xE0001054)
T52DC 4657:341.952   CPU_ReadMem(4 bytes @ 0xE0001054)
T52DC 4657:342.464   Data:  0F 00 00 00
T52DC 4657:342.464   Debug reg: DWT_MASK[3]
T52DC 4657:342.464 - 0.738ms returns 0
T52DC 4657:342.464 JLINK_WriteU32(0xE0001020, 0x00000000)
T52DC 4657:342.464   Debug reg: DWT_COMP[0]
T52DC 4657:342.464 - 0.022ms returns 0 (0x00000000)
T52DC 4657:342.464 JLINK_WriteU32(0xE0001024, 0x00000000)
T52DC 4657:342.464   Debug reg: DWT_MASK[0]
T52DC 4657:342.464 - 0.026ms returns 0 (0x00000000)
T52DC 4657:342.464 JLINK_WriteU32(0xE0001028, 0x00000000)
T52DC 4657:342.464   Debug reg: DWT_FUNC[0]
T52DC 4657:342.464 - 0.022ms returns 0 (0x00000000)
T52DC 4657:342.464 JLINK_WriteU32(0xE0001030, 0x00000000)
T52DC 4657:342.464   Debug reg: DWT_COMP[1]
T52DC 4657:342.464 - 0.022ms returns 0 (0x00000000)
T52DC 4657:342.464 JLINK_WriteU32(0xE0001034, 0x00000000)
T52DC 4657:342.464   Debug reg: DWT_MASK[1]
T52DC 4657:342.464 - 0.022ms returns 0 (0x00000000)
T52DC 4657:342.464 JLINK_WriteU32(0xE0001038, 0x00000000)
T52DC 4657:342.464   Debug reg: DWT_FUNC[1]
T52DC 4657:342.976 - 0.029ms returns 0 (0x00000000)
T52DC 4657:342.976 JLINK_WriteU32(0xE0001040, 0x00000000)
T52DC 4657:342.976   Debug reg: DWT_COMP[2]
T52DC 4657:342.976 - 0.022ms returns 0 (0x00000000)
T52DC 4657:342.976 JLINK_WriteU32(0xE0001044, 0x00000000)
T52DC 4657:342.976   Debug reg: DWT_MASK[2]
T52DC 4657:342.976 - 0.023ms returns 0 (0x00000000)
T52DC 4657:342.976 JLINK_WriteU32(0xE0001048, 0x00000000)
T52DC 4657:342.976   Debug reg: DWT_FUNC[2]
T52DC 4657:342.976 - 0.022ms returns 0 (0x00000000)
T52DC 4657:342.976 JLINK_WriteU32(0xE0001050, 0x00000000)
T52DC 4657:342.976   Debug reg: DWT_COMP[3]
T52DC 4657:342.976 - 0.022ms returns 0 (0x00000000)
T52DC 4657:342.976 JLINK_WriteU32(0xE0001054, 0x00000000)
T52DC 4657:342.976   Debug reg: DWT_MASK[3]
T52DC 4657:342.976 - 0.022ms returns 0 (0x00000000)
T52DC 4657:342.976 JLINK_WriteU32(0xE0001058, 0x00000000)
T52DC 4657:342.976   Debug reg: DWT_FUNC[3]
T52DC 4657:342.976 - 0.022ms returns 0 (0x00000000)
T52DC 4657:342.976 JLINK_GetBPInfo(BPHandle = 1)
T52DC 4657:342.976 - 0.008ms returns 0x0
T52DC 4657:342.976 JLINK_ClrBPEx(BPHandle = 0x00000001)
T52DC 4657:342.976 - 0.009ms returns 0x00
T52DC 4657:342.976 JLINK_ReadReg(R15 (PC))
T52DC 4657:342.976 - 0.009ms returns 0x0000B5A8
T52DC 4657:343.488 JLINK_Go()
T52DC 4657:343.488   CPU_ReadMem(4 bytes @ 0xE0001000)
T52DC 4657:343.488   CPU_WriteMem(4 bytes @ 0xE000ED30)
T52DC 4657:344.000   CPU_WriteMem(4 bytes @ 0xE0001020)
T52DC 4657:344.000   CPU_WriteMem(4 bytes @ 0xE0001030)
T52DC 4657:344.000   CPU_WriteMem(4 bytes @ 0xE0001040)
T52DC 4657:344.000   CPU_WriteMem(4 bytes @ 0xE0001050)
T52DC 4657:344.000   CPU_WriteMem(4 bytes @ 0xE0001024)
T52DC 4657:344.000   CPU_WriteMem(4 bytes @ 0xE0001034)
T52DC 4657:344.000   CPU_WriteMem(4 bytes @ 0xE0001044)
T52DC 4657:344.000   CPU_WriteMem(4 bytes @ 0xE0001054)
T52DC 4657:344.000   CPU_WriteMem(4 bytes @ 0xE0001028)
T52DC 4657:344.000   CPU_WriteMem(4 bytes @ 0xE0001038)
T52DC 4657:344.000   CPU_WriteMem(4 bytes @ 0xE0001048)
T52DC 4657:344.000   CPU_WriteMem(4 bytes @ 0xE0001058)
T52DC 4657:344.000   CPU_WriteMem(4 bytes @ 0xE0002008)
T52DC 4657:347.584 - 4.294ms 
T445C 4657:347.584 JLINK_IsHalted()
T445C 4657:348.096 - 0.336ms returns FALSE
T445C 4657:388.544 JLINK_IsHalted()
T445C 4657:389.056 - 0.672ms returns FALSE
T445C 4657:549.312 JLINK_IsHalted()
T445C 4657:550.336 - 0.719ms returns FALSE
T445C 4657:754.112 JLINK_IsHalted()
T445C 4657:755.136 - 1.158ms returns FALSE
T445C 4657:955.840 JLINK_IsHalted()
T445C 4657:956.864 - 0.887ms returns FALSE
T445C 4658:157.056 JLINK_IsHalted()
T445C 4658:158.080 - 0.692ms returns FALSE
T445C 4658:359.296 JLINK_IsHalted()
T445C 4658:360.832 - 1.052ms returns FALSE
T445C 4658:561.024 JLINK_IsHalted()
T445C 4658:562.048 - 0.835ms returns FALSE
T445C 4658:766.848 JLINK_IsHalted()
T445C 4658:767.360 - 0.764ms returns FALSE
T445C 4658:968.576 JLINK_IsHalted()
T445C 4658:969.600 - 0.615ms returns FALSE
T445C 4659:172.352 JLINK_IsHalted()
T445C 4659:173.376 - 0.567ms returns FALSE
T445C 4659:376.640 JLINK_IsHalted()
T445C 4659:377.152 - 0.393ms returns FALSE
T445C 4659:577.344 JLINK_IsHalted()
T445C 4659:577.856 - 0.685ms returns FALSE
T445C 4659:779.072 JLINK_IsHalted()
T445C 4659:779.584 - 0.433ms returns FALSE
T52DC 4659:834.880 JLINK_Halt()
T52DC 4659:837.952 - 3.212ms returns 0x00
T445C 4659:985.920 JLINK_IsHalted()
T445C 4659:985.920 - 0.054ms returns TRUE
T445C 4659:985.920 JLINK_GetMOEs(...)
T445C 4659:985.920   CPU_ReadMem(4 bytes @ 0xE000ED30)
T445C 4659:986.432 - 0.405ms returns 0x01
T445C 4659:986.432 JLINK_ReadReg(R15 (PC))
T445C 4659:986.432 - 0.010ms returns 0x0000B484
T6D2C 4659:987.456 JLINK_ResetPullsRESET(ON)
T6D2C 4659:987.456 - 0.050ms 
T6D2C 4659:987.456 JLINK_ResetNoHalt()
T6D2C 4659:987.456   InitTarget() start
T6D2C 4659:987.456    J-Link Script File: Executing InitTarget()
T6D2C 4659:987.456   SWD selected. Executing JTAG -> SWD switching sequence.
T6D2C 4659:989.504   DAP initialized successfully.
T6D2C 4659:991.552   InitTarget() end - Took 3.31ms
T6D2C 4659:991.552   Found SW-DP with ID 0x2BA01477
T6D2C 4659:994.624   DPIDR: 0x2BA01477
T6D2C 4659:994.624   CoreSight SoC-400 or earlier
T6D2C 4659:994.624   AP map detection skipped. Manually configured AP map found.
T6D2C 4659:994.624   AP[0]: AHB-AP (IDR: Not set, ADDR: 0x00000000)
T6D2C 4659:995.648   AP[0]: Core found
T6D2C 4659:995.648   AP[0]: AHB-AP ROM base: 0x41003000
T6D2C 4659:996.160   CPUID register: 0x410FC241. Implementer code: 0x41 (ARM)
T6D2C 4659:996.160   Found Cortex-M4 r0p1, Little endian.
T6D2C 4659:996.160   -- Max. mem block: 0x000027E0
T6D2C 4659:996.672   CPU_ReadMem(4 bytes @ 0xE000EDF0)
T6D2C 4659:996.672   CPU_ReadMem(4 bytes @ 0xE0002000)
T6D2C 4659:997.184   FPUnit: 6 code (BP) slots and 2 literal slots
T6D2C 4659:997.184   CPU_ReadMem(4 bytes @ 0xE0001000)
T6D2C 4659:997.696   CPU_ReadMem(4 bytes @ 0xE000ED88)
T6D2C 4659:997.696   CPU_WriteMem(4 bytes @ 0xE000ED88)
T6D2C 4659:998.720   CPU_ReadMem(4 bytes @ 0xE000ED88)
T6D2C 4659:999.232   CPU_WriteMem(4 bytes @ 0xE000ED88)
T6D2C 4659:999.744   CoreSight components:
T6D2C 4659:999.744   ROMTbl[0] @ 41003000
T6D2C 4659:999.744   CPU_ReadMem(64 bytes @ 0x41003000)
T6D2C 4660:000.256   CPU_ReadMem(32 bytes @ 0xE00FFFE0)
T6D2C 4660:000.768   [0][0]: E00FF000 CID B105100D PID 000BB4C4 ROM Table
T6D2C 4660:001.280   ROMTbl[1] @ E00FF000
T6D2C 4660:001.280   CPU_ReadMem(64 bytes @ 0xE00FF000)
T6D2C 4660:001.792   CPU_ReadMem(32 bytes @ 0xE000EFE0)
T6D2C 4660:002.304   [1][0]: E000E000 CID B105E00D PID 000BB00C SCS-M7
T6D2C 4660:002.304   CPU_ReadMem(32 bytes @ 0xE0001FE0)
T6D2C 4660:002.816   [1][1]: E0001000 CID B105E00D PID 003BB002 DWT
T6D2C 4660:002.816   CPU_ReadMem(32 bytes @ 0xE0002FE0)
T6D2C 4660:003.840   [1][2]: E0002000 CID B105E00D PID 002BB003 FPB
T6D2C 4660:003.840   CPU_ReadMem(32 bytes @ 0xE0000FE0)
T6D2C 4660:003.840   [1][3]: E0000000 CID B105E00D PID 003BB001 ITM
T6D2C 4660:003.840   CPU_ReadMem(32 bytes @ 0xE0040FE0)
T6D2C 4660:004.352   [1][4]: E0040000 CID B105900D PID 000BB9A1 TPIU
T6D2C 4660:004.864   CPU_ReadMem(32 bytes @ 0xE0041FE0)
T6D2C 4660:005.376   [1][5]: E0041000 CID B105900D PID 000BB925 ETM
T6D2C 4660:005.376   CPU_ReadMem(32 bytes @ 0xE0042FE0)
T6D2C 4660:005.888   [1][6]: E0042000 CID B105900D PID 003BB907 ETB
T6D2C 4660:005.888   JLINK_Reset()
T6D2C 4660:005.888     Memory map 'before startup completion point' is active
T6D2C 4660:005.888     JLINK_GetResetTypeDesc
T6D2C 4660:005.888     - 0.008ms 
T6D2C 4660:005.888     Reset type: NORMAL (https://wiki.segger.com/J-Link_Reset_Strategies)
T6D2C 4660:005.888     CPU_WriteMem(4 bytes @ 0xE000EDF0)
T6D2C 4660:006.400     CPU_WriteMem(4 bytes @ 0xE000EDFC)
T6D2C 4660:006.912     Reset: Halt core after reset via DEMCR.VC_CORERESET.
T6D2C 4660:007.424     Reset: Reset device via AIRCR.SYSRESETREQ.
T6D2C 4660:007.424     CPU_WriteMem(4 bytes @ 0xE000ED0C)
T6D2C 4660:061.184     CPU_ReadMem(4 bytes @ 0xE000EDF0)
T6D2C 4660:061.696     CPU_ReadMem(4 bytes @ 0xE000EDF0)
T6D2C 4660:062.208     CPU_WriteMem(4 bytes @ 0xE000EDFC)
T6D2C 4660:067.840     CPU_ReadMem(4 bytes @ 0xE000EDF0)
T6D2C 4660:071.424     CPU_WriteMem(4 bytes @ 0xE0002000)
T6D2C 4660:071.936     CPU_ReadMem(4 bytes @ 0xE000EDFC)
T6D2C 4660:072.448     CPU_ReadMem(4 bytes @ 0xE0001000)
T6D2C 4660:072.448   - 66.791ms 
T6D2C 4660:072.448   JLINK_Go()
T6D2C 4660:072.448     CPU_ReadMem(4 bytes @ 0xE0001000)
T6D2C 4660:072.960     CPU_WriteMem(4 bytes @ 0xE0002008)
T6D2C 4660:072.960     CPU_WriteMem(4 bytes @ 0xE000200C)
T6D2C 4660:072.960     CPU_WriteMem(4 bytes @ 0xE0002010)
T6D2C 4660:072.960     CPU_WriteMem(4 bytes @ 0xE0002014)
T6D2C 4660:072.960     CPU_WriteMem(4 bytes @ 0xE0002018)
T6D2C 4660:072.960     CPU_WriteMem(4 bytes @ 0xE000201C)
T6D2C 4660:074.496     CPU_WriteMem(4 bytes @ 0xE0001004)
T6D2C 4660:075.520     Memory map 'after startup completion point' is active
T6D2C 4660:075.520   - 3.180ms 
T6D2C 4660:075.520 - 88.473ms 
T6D2C 4660:083.712 JLINK_Close()
T6D2C 4660:084.224   CPU is running
T6D2C 4660:084.224   CPU_WriteMem(4 bytes @ 0xE0002008)
T6D2C 4660:084.736   CPU is running
T6D2C 4660:084.736   CPU_WriteMem(4 bytes @ 0xE000200C)
T6D2C 4660:085.248   CPU is running
T6D2C 4660:085.248   CPU_WriteMem(4 bytes @ 0xE0002010)
T6D2C 4660:085.760   CPU is running
T6D2C 4660:085.760   CPU_WriteMem(4 bytes @ 0xE0002014)
T6D2C 4660:085.760   CPU is running
T6D2C 4660:085.760   CPU_WriteMem(4 bytes @ 0xE0002018)
T6D2C 4660:086.272   CPU is running
T6D2C 4660:086.272   CPU_WriteMem(4 bytes @ 0xE000201C)
T6D2C 4660:097.024 - 13.247ms
T6D2C 4660:097.024   
T6D2C 4660:097.024   Closed
