T5EC0 18173:767.680   SEGGER J-Link V8.78 Log File
T5EC0 18173:769.728   DLL Compiled: Oct 16 2025 08:27:36
T5EC0 18173:769.728   Logging started @ 2025-11-28 14:53
T5EC0 18173:769.728   Process: C:\Program Files (x86)\Atmel\Studio\7.0\atbackend\atbackend.exe
T5EC0 18173:769.728 - 76.335ms 
T5EC0 18173:769.728 JLINK_ExecCommand("device = ATSAME51J18A", ...). 
T5EC0 18173:771.776   Device "ATSAME51J18A" selected.
T5EC0 18173:775.872 - 6.594ms returns 0x00
T5EC0 18173:775.872 JLINK_GetHWStatus(...)
T5EC0 18173:775.872 - 0.341ms returns 0
T5EC0 18173:775.872 JLINK_ClrRESET()
T5EC0 18173:777.920 - 1.935ms 
T5EC0 18173:784.064 JLINK_SetRESET()
T5EC0 18173:784.064 - 0.240ms 
T5EC0 18173:790.208 JLINK_ClrRESET()
T5EC0 18173:790.208 - 0.379ms 
T5EC0 18173:798.400 JLINK_ClrTCK()
T5EC0 18173:798.400 - 0.147ms returns 0
T5EC0 18173:802.496 JLINK_SetRESET()
T5EC0 18173:802.496 - 0.159ms 
T5EC0 18173:808.640 JLINK_Clock()
T5EC0 18173:808.640 - 0.278ms returns 1
T5EC0 18173:814.784 JLINK_TIF_Select(JLINKARM_TIF_SWD)
T5EC0 18173:814.784 - 0.633ms returns 0x00
T5EC0 18173:814.784 JLINK_SetSpeed(50)
T5EC0 18173:814.784 - 0.102ms 
T5EC0 18173:814.784 JLINK_CORESIGHT_Configure()
T5EC0 18173:825.024 - 9.666ms returns 0
T5EC0 18173:825.024 JLINK_CORESIGHT_WriteAPDPReg(DP reg 0x02, 0x00000000)
T5EC0 18173:825.024 - 1.407ms returns 0
T5EC0 18173:825.024 JLINK_CORESIGHT_WriteAPDPReg(AP reg 0x00, 0x23000040)
T5EC0 18173:827.072 - 1.223ms returns 0
T5EC0 18173:827.072 JLINK_CORESIGHT_WriteAPDPReg(AP reg 0x01, 0x41002101)
T5EC0 18173:829.120 - 1.476ms returns 0
T5EC0 18173:829.120 JLINK_CORESIGHT_ReadAPDPReg(AP reg 0x03)
T5EC0 18173:831.168   Value=0x00000200
T5EC0 18173:831.168 - 2.396ms returns 0
T5EC0 18173:831.168 JLINK_CORESIGHT_WriteAPDPReg(AP reg 0x01, 0x41002100)
T5EC0 18173:833.216 - 1.317ms returns 0
T5EC0 18173:833.216 JLINK_CORESIGHT_WriteAPDPReg(AP reg 0x03, 0x00000010)
T5EC0 18173:833.216 - 1.235ms returns 0
T5EC0 18173:833.216 JLINK_CORESIGHT_WriteAPDPReg(AP reg 0x01, 0x41002101)
T5EC0 18173:835.264 - 1.347ms returns 0
T5EC0 18173:835.264 JLINK_CORESIGHT_ReadAPDPReg(AP reg 0x03)
T5EC0 18173:837.312   Value=0x00000210
T5EC0 18173:837.312 - 2.660ms returns 0
T5EC0 18174:038.016 JLINK_CORESIGHT_ReadAPDPReg(AP reg 0x03)
T5EC0 18174:040.064   Value=0x00000210
T5EC0 18174:040.064 - 2.326ms returns 0
T5EC0 18174:242.816 JLINK_CORESIGHT_ReadAPDPReg(AP reg 0x03)
T5EC0 18174:246.912   Value=0x00000210
T5EC0 18174:246.912 - 2.471ms returns 0
T5EC0 18174:449.664 JLINK_CORESIGHT_ReadAPDPReg(AP reg 0x03)
T5EC0 18174:451.712   Value=0x00000210
T5EC0 18174:451.712 - 2.452ms returns 0
T5EC0 18174:654.464 JLINK_CORESIGHT_ReadAPDPReg(AP reg 0x03)
T5EC0 18174:658.560   Value=0x00000210
T5EC0 18174:658.560 - 2.283ms returns 0
T5EC0 18174:859.264 JLINK_CORESIGHT_ReadAPDPReg(AP reg 0x03)
T5EC0 18174:861.312   Value=0x00000210
T5EC0 18174:861.312 - 2.254ms returns 0
T5EC0 18175:066.112 JLINK_CORESIGHT_ReadAPDPReg(AP reg 0x03)
T5EC0 18175:068.160   Value=0x00000210
T5EC0 18175:068.160 - 2.568ms returns 0
T5EC0 18175:268.864 JLINK_CORESIGHT_ReadAPDPReg(AP reg 0x03)
T5EC0 18175:270.912   Value=0x00000210
T5EC0 18175:270.912 - 2.539ms returns 0
T5EC0 18175:471.616 JLINK_CORESIGHT_ReadAPDPReg(AP reg 0x03)
T5EC0 18175:473.664   Value=0x00000310
T5EC0 18175:473.664 - 2.438ms returns 0
T5EC0 18175:479.808 JLINK_ExecCommand("Device = ATSAME51J18A", ...). 
T5EC0 18175:479.808   Device "ATSAME51J18A" selected.
T5EC0 18175:485.952 - 6.199ms returns 0x00
T5EC0 18175:485.952 JLINK_TIF_Select(JLINKARM_TIF_SWD)
T5EC0 18175:485.952 - 0.013ms returns 0x00
T5EC0 18175:485.952 JLINK_SetSpeed(4000)
T5EC0 18175:485.952 - 0.155ms 
T5EC0 18175:485.952 JLINK_ResetPullsRESET(OFF)
T5EC0 18175:485.952 - 0.009ms 
T5EC0 18175:485.952 JLINK_Connect()
T5EC0 18175:485.952   InitTarget() start
T5EC0 18175:485.952    J-Link Script File: Executing InitTarget()
T5EC0 18175:485.952   SWD selected. Executing JTAG -> SWD switching sequence.
T5EC0 18175:488.000   DAP initialized successfully.
T5EC0 18175:492.096   InitTarget() end - Took 6.19ms
T5EC0 18175:492.096   Found SW-DP with ID 0x2BA01477
T5EC0 18175:496.192   DPIDR: 0x2BA01477
T5EC0 18175:496.192   CoreSight SoC-400 or earlier
T5EC0 18175:496.192   Scanning AP map to find all available APs
T5EC0 18175:496.192   AP[2]: Stopped AP scan as end of AP map seems to be reached
T5EC0 18175:496.192   AP[0]: AHB-AP (IDR: 0x24770011, ADDR: 0x00000000)
T5EC0 18175:496.192   AP[1]: AHB-AP (IDR: 0x74770001, ADDR: 0x01000000)
T5EC0 18175:496.192   Iterating through AP map to find AHB-AP to use
T5EC0 18175:496.192   AP[0]: Core found
T5EC0 18175:496.192   AP[0]: AHB-AP ROM base: 0x41003000
T5EC0 18175:496.192   CPUID register: 0x410FC241. Implementer code: 0x41 (ARM)
T5EC0 18175:496.192   Found Cortex-M4 r0p1, Little endian.
T5EC0 18175:496.192   -- Max. mem block: 0x00002B48
T5EC0 18175:498.240   CPU_ReadMem(4 bytes @ 0xE000EDF0)
T5EC0 18175:498.240   CPU_ReadMem(4 bytes @ 0xE0002000)
T5EC0 18175:498.240   FPUnit: 6 code (BP) slots and 2 literal slots
T5EC0 18175:498.240   CPU_ReadMem(4 bytes @ 0xE000EDFC)
T5EC0 18175:498.240   CPU_ReadMem(4 bytes @ 0xE0001000)
T5EC0 18175:500.288   CPU_WriteMem(4 bytes @ 0xE0001000)
T5EC0 18175:500.288   CPU_ReadMem(4 bytes @ 0xE000ED88)
T5EC0 18175:500.288   CPU_WriteMem(4 bytes @ 0xE000ED88)
T5EC0 18175:500.288   CPU_ReadMem(4 bytes @ 0xE000ED88)
T5EC0 18175:502.336   CPU_WriteMem(4 bytes @ 0xE000ED88)
T5EC0 18175:502.336   CoreSight components:
T5EC0 18175:502.336   ROMTbl[0] @ 41003000
T5EC0 18175:502.336   CPU_ReadMem(64 bytes @ 0x41003000)
T5EC0 18175:502.336   CPU_ReadMem(32 bytes @ 0xE00FFFE0)
T5EC0 18175:504.384   [0][0]: E00FF000 CID B105100D PID 000BB4C4 ROM Table
T5EC0 18175:504.384   ROMTbl[1] @ E00FF000
T5EC0 18175:504.384   CPU_ReadMem(64 bytes @ 0xE00FF000)
T5EC0 18175:504.384   CPU_ReadMem(32 bytes @ 0xE000EFE0)
T5EC0 18175:504.384   [1][0]: E000E000 CID B105E00D PID 000BB00C SCS-M7
T5EC0 18175:504.384   CPU_ReadMem(32 bytes @ 0xE0001FE0)
T5EC0 18175:504.384   [1][1]: E0001000 CID B105E00D PID 003BB002 DWT
T5EC0 18175:504.384   CPU_ReadMem(32 bytes @ 0xE0002FE0)
T5EC0 18175:506.432   [1][2]: E0002000 CID B105E00D PID 002BB003 FPB
T5EC0 18175:506.432   CPU_ReadMem(32 bytes @ 0xE0000FE0)
T5EC0 18175:506.432   [1][3]: E0000000 CID B105E00D PID 003BB001 ITM
T5EC0 18175:506.432   CPU_ReadMem(32 bytes @ 0xE0040FE0)
T5EC0 18175:508.480   [1][4]: E0040000 CID B105900D PID 000BB9A1 TPIU
T5EC0 18175:508.480   CPU_ReadMem(32 bytes @ 0xE0041FE0)
T5EC0 18175:508.480   [1][5]: E0041000 CID B105900D PID 000BB925 ETM
T5EC0 18175:508.480   CPU_ReadMem(32 bytes @ 0xE0042FE0)
T5EC0 18175:508.480   [1][6]: E0042000 CID B105900D PID 003BB907 ETB
T5EC0 18175:508.480 - 24.099ms returns 0x00
T5EC0 18175:510.528 JLINK_Halt()
T5EC0 18175:512.576 - 3.108ms returns 0x00
T5EC0 18175:512.576 JLINK_JTAG_GetDeviceID(DeviceIndex = 0)
T5EC0 18175:512.576 - 0.034ms returns 0
T5EC0 18175:512.576 JLINK_ReadMemU32(0x41002018, 0x1 Items)
T5EC0 18175:512.576   CPU_ReadMem(4 bytes @ 0x41002018)
T5EC0 18175:512.576   Data:  08 00 06 60
T5EC0 18175:512.576 - 0.377ms returns 1 (0x1)
T8598 18175:526.912 JLINK_IsHalted()
T8598 18175:526.912 - 0.421ms returns TRUE
T8598 18175:526.912 JLINK_GetMOEs(...)
T8598 18175:526.912   CPU_ReadMem(4 bytes @ 0xE000ED30)
T8598 18175:526.912 - 0.491ms returns 0x01
T8598 18175:526.912 JLINK_ReadReg(R15 (PC))
T8598 18175:526.912 - 0.019ms returns 0xFFFFFFFE
T5EC0 18175:528.960 JLINK_ResetPullsRESET(ON)
T5EC0 18175:528.960 - 0.022ms 
T5EC0 18175:528.960 JLINK_ResetNoHalt()
T5EC0 18175:528.960   InitTarget() start
T5EC0 18175:528.960    J-Link Script File: Executing InitTarget()
T5EC0 18175:528.960   SWD selected. Executing JTAG -> SWD switching sequence.
T5EC0 18175:528.960   DAP initialized successfully.
T5EC0 18175:531.008   InitTarget() end - Took 2.99ms
T5EC0 18175:531.008   Found SW-DP with ID 0x2BA01477
T5EC0 18175:535.104   DPIDR: 0x2BA01477
T5EC0 18175:535.104   CoreSight SoC-400 or earlier
T5EC0 18175:535.104   AP map detection skipped. Manually configured AP map found.
T5EC0 18175:535.104   AP[0]: AHB-AP (IDR: Not set, ADDR: 0x00000000)
T5EC0 18175:537.152   AP[0]: Core found
T5EC0 18175:537.152   AP[0]: AHB-AP ROM base: 0x41003000
T5EC0 18175:537.152   CPUID register: 0x410FC241. Implementer code: 0x41 (ARM)
T5EC0 18175:537.152   Found Cortex-M4 r0p1, Little endian.
T5EC0 18175:537.152   -- Max. mem block: 0x00002828
T5EC0 18175:537.152   CPU_ReadMem(4 bytes @ 0xE000EDF0)
T5EC0 18175:537.152   CPU_ReadMem(4 bytes @ 0xE0002000)
T5EC0 18175:537.152   FPUnit: 6 code (BP) slots and 2 literal slots
T5EC0 18175:537.152   CPU_ReadMem(4 bytes @ 0xE000EDFC)
T5EC0 18175:537.152   CPU_ReadMem(4 bytes @ 0xE0001000)
T5EC0 18175:537.152   CPU_WriteMem(4 bytes @ 0xE0001000)
T5EC0 18175:537.152   CPU_ReadMem(4 bytes @ 0xE000ED88)
T5EC0 18175:539.200   CPU_WriteMem(4 bytes @ 0xE000ED88)
T5EC0 18175:539.200   CPU_ReadMem(4 bytes @ 0xE000ED88)
T5EC0 18175:539.200   CPU_WriteMem(4 bytes @ 0xE000ED88)
T5EC0 18175:539.200   CoreSight components:
T5EC0 18175:541.248   ROMTbl[0] @ 41003000
T5EC0 18175:541.248   CPU_ReadMem(64 bytes @ 0x41003000)
T5EC0 18175:541.248   CPU_ReadMem(32 bytes @ 0xE00FFFE0)
T5EC0 18175:541.248   [0][0]: E00FF000 CID B105100D PID 000BB4C4 ROM Table
T5EC0 18175:541.248   ROMTbl[1] @ E00FF000
T5EC0 18175:541.248   CPU_ReadMem(64 bytes @ 0xE00FF000)
T5EC0 18175:543.296   CPU_ReadMem(32 bytes @ 0xE000EFE0)
T5EC0 18175:543.296   [1][0]: E000E000 CID B105E00D PID 000BB00C SCS-M7
T5EC0 18175:543.296   CPU_ReadMem(32 bytes @ 0xE0001FE0)
T5EC0 18175:545.344   [1][1]: E0001000 CID B105E00D PID 003BB002 DWT
T5EC0 18175:545.344   CPU_ReadMem(32 bytes @ 0xE0002FE0)
T5EC0 18175:545.344   [1][2]: E0002000 CID B105E00D PID 002BB003 FPB
T5EC0 18175:545.344   CPU_ReadMem(32 bytes @ 0xE0000FE0)
T5EC0 18175:545.344   [1][3]: E0000000 CID B105E00D PID 003BB001 ITM
T5EC0 18175:545.344   CPU_ReadMem(32 bytes @ 0xE0040FE0)
T5EC0 18175:545.344   [1][4]: E0040000 CID B105900D PID 000BB9A1 TPIU
T5EC0 18175:545.344   CPU_ReadMem(32 bytes @ 0xE0041FE0)
T5EC0 18175:545.344   [1][5]: E0041000 CID B105900D PID 000BB925 ETM
T5EC0 18175:545.344   CPU_ReadMem(32 bytes @ 0xE0042FE0)
T5EC0 18175:547.392   [1][6]: E0042000 CID B105900D PID 003BB907 ETB
T5EC0 18175:547.392   JLINK_Reset()
T5EC0 18175:547.392     JLINK_GetResetTypeDesc
T5EC0 18175:547.392     - 0.008ms 
T5EC0 18175:547.392     Reset type: NORMAL (https://wiki.segger.com/J-Link_Reset_Strategies)
T5EC0 18175:547.392     CPU_WriteMem(4 bytes @ 0xE000EDF0)
T5EC0 18175:547.392     CPU_WriteMem(4 bytes @ 0xE000EDFC)
T5EC0 18175:547.392     Reset: Halt core after reset via DEMCR.VC_CORERESET.
T5EC0 18175:549.440     Reset: Reset device via AIRCR.SYSRESETREQ.
T5EC0 18175:549.440     CPU_WriteMem(4 bytes @ 0xE000ED0C)
T5EC0 18175:602.688     CPU_ReadMem(4 bytes @ 0xE000EDF0)
T5EC0 18175:602.688     CPU_ReadMem(4 bytes @ 0xE000EDF0)
T5EC0 18175:602.688     CPU_WriteMem(4 bytes @ 0xE000EDFC)
T5EC0 18175:610.880     CPU_ReadMem(4 bytes @ 0xE000EDF0)
T5EC0 18175:612.928     CPU_WriteMem(4 bytes @ 0xE0002000)
T5EC0 18175:614.976     CPU_ReadMem(4 bytes @ 0xE000EDFC)
T5EC0 18175:614.976     CPU_ReadMem(4 bytes @ 0xE0001000)
T5EC0 18175:614.976   - 67.719ms 
T5EC0 18175:614.976   JLINK_Go()
T5EC0 18175:614.976     CPU_ReadMem(4 bytes @ 0xE0001000)
T5EC0 18175:614.976     CPU_WriteMem(4 bytes @ 0xE0001004)
T5EC0 18175:617.024     Memory map 'after startup completion point' is active
T5EC0 18175:617.024   - 1.441ms 
T5EC0 18175:617.024 - 89.077ms 
T5EC0 18175:621.120 JLINK_Close()
T5EC0 18175:633.408 - 12.486ms
T5EC0 18175:633.408   
T5EC0 18175:633.408   Closed
